[main 51cfa92] 240625
 6 files changed, 82 insertions(+), 1 deletion(-)
 create mode 100644 190625.md
 create mode 100644 230625.md
 create mode 100644 cron.log
 create mode 100755 daily_commit.sh
To github.com:bprashanth/notez.git
   1834fd9..51cfa92  main -> main
[main 42fe349] 250625
 1 file changed, 8 insertions(+)
To github.com:bprashanth/notez.git
   51cfa92..42fe349  main -> main
[main 92e4dd1] 260625
 1 file changed, 4 insertions(+)
To github.com:bprashanth/notez.git
   42fe349..92e4dd1  main -> main
[main 5f350b1] 090725
 10 files changed, 195 insertions(+)
 create mode 100644 020725.md
 create mode 100644 030725.md
 create mode 100644 040725.md
 create mode 100644 050725.md
 create mode 100644 060725.md
 create mode 100644 070725.md
 create mode 100644 080725.md
 create mode 100644 280625.md
 create mode 100644 300625.md
To github.com:bprashanth/notez.git
   92e4dd1..5f350b1  main -> main
[main 3347086] 110725
 4 files changed, 95 insertions(+)
 create mode 100644 090725.md
 create mode 100644 100725.md
 create mode 100644 110725.md
To github.com:bprashanth/notez.git
   5f350b1..3347086  main -> main
[main 0d28c4f] 150725
 5 files changed, 84 insertions(+)
 create mode 100644 120725.md
 create mode 100644 130725.md
 create mode 100644 140725.md
To github.com:bprashanth/notez.git
   3347086..0d28c4f  main -> main
